-------------------------------------------------------------------------------
Test set: com.wunderit.projetcd.MyMathTest
-------------------------------------------------------------------------------
Tests run: 2, Failures: 1, Errors: 0, Skipped: 0, Time elapsed: 0.029 s <<< FAILURE! - in com.wunderit.projetcd.MyMathTest
sum_with3numbers(com.wunderit.projetcd.MyMathTest)  Time elapsed: 0.004 s  <<< FAILURE!
java.lang.AssertionError: expected:<6> but was:<7>
	at com.wunderit.projetcd.MyMathTest.sum_with3numbers(MyMathTest.java:16)

